Start testing: Oct 28 19:43 EDT
----------------------------------------------------------
1/3 Testing: MatrixTests
1/3 Test: MatrixTests
Command: "/Users/michaelbacchus/projects/blackjack/blackjack-nn/build/bin/test_mat"
Directory: /Users/michaelbacchus/projects/blackjack/blackjack-nn/build/tests
"MatrixTests" start time: Oct 28 19:43 EDT
Output:
----------------------------------------------------------
<end of output>
Test time =   0.00 sec
----------------------------------------------------------
Test Passed.
"MatrixTests" end time: Oct 28 19:43 EDT
"MatrixTests" time elapsed: 00:00:00
----------------------------------------------------------

2/3 Testing: NNetTests
2/3 Test: NNetTests
Command: "/Users/michaelbacchus/projects/blackjack/blackjack-nn/build/bin/test_nn"
Directory: /Users/michaelbacchus/projects/blackjack/blackjack-nn/build/tests
"NNetTests" start time: Oct 28 19:43 EDT
Output:
----------------------------------------------------------
<end of output>
Test time =   0.00 sec
----------------------------------------------------------
Test Passed.
"NNetTests" end time: Oct 28 19:43 EDT
"NNetTests" time elapsed: 00:00:00
----------------------------------------------------------

3/3 Testing: BJackTests
3/3 Test: BJackTests
Command: "/Users/michaelbacchus/projects/blackjack/blackjack-nn/build/bin/test_blackjack"
Directory: /Users/michaelbacchus/projects/blackjack/blackjack-nn/build/tests
"BJackTests" start time: Oct 28 19:43 EDT
Output:
----------------------------------------------------------
<end of output>
Test time =   0.00 sec
----------------------------------------------------------
Test Passed.
"BJackTests" end time: Oct 28 19:43 EDT
"BJackTests" time elapsed: 00:00:00
----------------------------------------------------------

End testing: Oct 28 19:43 EDT
